[03-Dec-2018 17:30:40 UTC] PHP Notice:  Undefined variable: alert in /home/ubuntu/workspace/practicaUsuarios/admin/administracionPanel/usuario/exit.php on line 53
[03-Dec-2018 17:38:49 UTC] PHP Warning:  session_destroy(): Trying to destroy uninitialized session in /home/ubuntu/workspace/practicaUsuarios/admin/administracionPanel/usuario/destroySesion.php on line 2
[03-Dec-2018 17:56:53 UTC] PHP Fatal error:  Uncaught Error: Class 'Session' not found in /home/ubuntu/workspace/practicaUsuarios/admin/administracionPanel/usuario/destroySesion.php:3
Stack trace:
#0 {main}
  thrown in /home/ubuntu/workspace/practicaUsuarios/admin/administracionPanel/usuario/destroySesion.php on line 3
[03-Dec-2018 17:57:52 UTC] PHP Fatal error:  Uncaught Error: Class 'Session' not found in /home/ubuntu/workspace/practicaUsuarios/admin/administracionPanel/usuario/destroySesion.php:3
Stack trace:
#0 {main}
  thrown in /home/ubuntu/workspace/practicaUsuarios/admin/administracionPanel/usuario/destroySesion.php on line 3
[03-Dec-2018 17:58:28 UTC] PHP Fatal error:  Uncaught Error: Class 'Session' not found in /home/ubuntu/workspace/practicaUsuarios/admin/administracionPanel/usuario/destroySesion.php:11
Stack trace:
#0 {main}
  thrown in /home/ubuntu/workspace/practicaUsuarios/admin/administracionPanel/usuario/destroySesion.php on line 11
[03-Dec-2018 17:59:39 UTC] PHP Fatal error:  Uncaught Error: Class 'sessions\Session' not found in /home/ubuntu/workspace/practicaUsuarios/admin/administracionPanel/usuario/destroySesion.php:12
Stack trace:
#0 {main}
  thrown in /home/ubuntu/workspace/practicaUsuarios/admin/administracionPanel/usuario/destroySesion.php on line 12
[03-Dec-2018 18:00:30 UTC] PHP Fatal error:  Uncaught Error: Class 'sessions\Session' not found in /home/ubuntu/workspace/practicaUsuarios/admin/administracionPanel/usuario/destroySesion.php:12
Stack trace:
#0 {main}
  thrown in /home/ubuntu/workspace/practicaUsuarios/admin/administracionPanel/usuario/destroySesion.php on line 12
[03-Dec-2018 18:38:31 UTC] PHP Warning:  require(../../autoload.php): failed to open stream: No such file or directory in /home/ubuntu/workspace/practicaUsuarios/admin/administracionPanel/login/destroySesion.php on line 2
[03-Dec-2018 18:38:31 UTC] PHP Fatal error:  require(): Failed opening required '../../autoload.php' (include_path='.:/usr/share/php') in /home/ubuntu/workspace/practicaUsuarios/admin/administracionPanel/login/destroySesion.php on line 2
[03-Dec-2018 18:38:55 UTC] PHP Fatal error:  Uncaught Error: Class 'izv\sessions\Session' not found in /home/ubuntu/workspace/practicaUsuarios/admin/administracionPanel/login/destroySesion.php:12
Stack trace:
#0 {main}
  thrown in /home/ubuntu/workspace/practicaUsuarios/admin/administracionPanel/login/destroySesion.php on line 12
[03-Dec-2018 19:06:11 UTC] PHP Fatal error:  Uncaught Error: Class 'Session' not found in /home/ubuntu/workspace/practicaUsuarios/admin/administracionPanel/login/login.php:13
Stack trace:
#0 {main}
  thrown in /home/ubuntu/workspace/practicaUsuarios/admin/administracionPanel/login/login.php on line 13
[03-Dec-2018 19:06:53 UTC] PHP Fatal error:  Uncaught Error: Class 'Session' not found in /home/ubuntu/workspace/practicaUsuarios/admin/administracionPanel/login/login.php:14
Stack trace:
#0 {main}
  thrown in /home/ubuntu/workspace/practicaUsuarios/admin/administracionPanel/login/login.php on line 14
[03-Dec-2018 19:08:05 UTC] PHP Notice:  Undefined index: usuario in /home/ubuntu/workspace/practicaUsuarios/admin/administracionPanel/login/login.php on line 20
[03-Dec-2018 19:08:05 UTC] PHP Notice:  Undefined index: clave in /home/ubuntu/workspace/practicaUsuarios/admin/administracionPanel/login/login.php on line 21
[03-Dec-2018 19:08:05 UTC] PHP Fatal error:  Uncaught Error: Call to a member function login() on null in /home/ubuntu/workspace/practicaUsuarios/admin/administracionPanel/login/login.php:23
Stack trace:
#0 {main}
  thrown in /home/ubuntu/workspace/practicaUsuarios/admin/administracionPanel/login/login.php on line 23
[03-Dec-2018 19:30:17 UTC] PHP Notice:  Undefined index: usuario in /home/ubuntu/workspace/practicaUsuarios/admin/administracionPanel/login/login.php on line 20
[03-Dec-2018 19:30:17 UTC] PHP Notice:  Undefined index: clave in /home/ubuntu/workspace/practicaUsuarios/admin/administracionPanel/login/login.php on line 21
[03-Dec-2018 19:30:17 UTC] PHP Fatal error:  Uncaught Error: Call to a member function login() on null in /home/ubuntu/workspace/practicaUsuarios/admin/administracionPanel/login/login.php:23
Stack trace:
#0 {main}
  thrown in /home/ubuntu/workspace/practicaUsuarios/admin/administracionPanel/login/login.php on line 23
[03-Dec-2018 19:31:51 UTC] PHP Notice:  Undefined index: email in /home/ubuntu/workspace/practicaUsuarios/admin/administracionPanel/login/login.php on line 20
[03-Dec-2018 19:31:51 UTC] PHP Notice:  Undefined index: clave in /home/ubuntu/workspace/practicaUsuarios/admin/administracionPanel/login/login.php on line 21
[03-Dec-2018 19:31:51 UTC] PHP Fatal error:  Uncaught Error: Call to a member function login() on null in /home/ubuntu/workspace/practicaUsuarios/admin/administracionPanel/login/login.php:23
Stack trace:
#0 {main}
  thrown in /home/ubuntu/workspace/practicaUsuarios/admin/administracionPanel/login/login.php on line 23
[03-Dec-2018 19:32:21 UTC] PHP Notice:  Undefined index: email in /home/ubuntu/workspace/practicaUsuarios/admin/administracionPanel/login/login.php on line 20
[03-Dec-2018 19:32:21 UTC] PHP Notice:  Undefined index: clave in /home/ubuntu/workspace/practicaUsuarios/admin/administracionPanel/login/login.php on line 21
[03-Dec-2018 19:32:21 UTC] PHP Fatal error:  Uncaught Error: Call to a member function login() on null in /home/ubuntu/workspace/practicaUsuarios/admin/administracionPanel/login/login.php:23
Stack trace:
#0 {main}
  thrown in /home/ubuntu/workspace/practicaUsuarios/admin/administracionPanel/login/login.php on line 23
[03-Dec-2018 19:36:06 UTC] PHP Notice:  Undefined index: email in /home/ubuntu/workspace/practicaUsuarios/admin/administracionPanel/login/login.php on line 20
[03-Dec-2018 19:36:06 UTC] PHP Notice:  Undefined index: clave in /home/ubuntu/workspace/practicaUsuarios/admin/administracionPanel/login/login.php on line 21
[03-Dec-2018 19:36:06 UTC] PHP Fatal error:  Uncaught Error: Call to a member function login() on null in /home/ubuntu/workspace/practicaUsuarios/admin/administracionPanel/login/login.php:23
Stack trace:
#0 {main}
  thrown in /home/ubuntu/workspace/practicaUsuarios/admin/administracionPanel/login/login.php on line 23
[03-Dec-2018 19:36:10 UTC] PHP Notice:  Undefined index: email in /home/ubuntu/workspace/practicaUsuarios/admin/administracionPanel/login/login.php on line 20
[03-Dec-2018 19:36:10 UTC] PHP Notice:  Undefined index: clave in /home/ubuntu/workspace/practicaUsuarios/admin/administracionPanel/login/login.php on line 21
[03-Dec-2018 19:36:10 UTC] PHP Fatal error:  Uncaught Error: Call to a member function login() on null in /home/ubuntu/workspace/practicaUsuarios/admin/administracionPanel/login/login.php:23
Stack trace:
#0 {main}
  thrown in /home/ubuntu/workspace/practicaUsuarios/admin/administracionPanel/login/login.php on line 23
[03-Dec-2018 19:38:25 UTC] PHP Notice:  Undefined index: email in /home/ubuntu/workspace/practicaUsuarios/admin/administracionPanel/login/login.php on line 20
[03-Dec-2018 19:38:25 UTC] PHP Notice:  Undefined index: clave in /home/ubuntu/workspace/practicaUsuarios/admin/administracionPanel/login/login.php on line 21
[03-Dec-2018 19:38:25 UTC] PHP Fatal error:  Uncaught Error: Call to a member function login() on null in /home/ubuntu/workspace/practicaUsuarios/admin/administracionPanel/login/login.php:23
Stack trace:
#0 {main}
  thrown in /home/ubuntu/workspace/practicaUsuarios/admin/administracionPanel/login/login.php on line 23
[03-Dec-2018 19:38:55 UTC] PHP Notice:  Undefined index: email in /home/ubuntu/workspace/practicaUsuarios/admin/administracionPanel/login/login.php on line 20
[03-Dec-2018 19:38:55 UTC] PHP Notice:  Undefined index: clave in /home/ubuntu/workspace/practicaUsuarios/admin/administracionPanel/login/login.php on line 21
[03-Dec-2018 19:38:55 UTC] PHP Fatal error:  Uncaught Error: Call to a member function login() on null in /home/ubuntu/workspace/practicaUsuarios/admin/administracionPanel/login/login.php:23
Stack trace:
#0 {main}
  thrown in /home/ubuntu/workspace/practicaUsuarios/admin/administracionPanel/login/login.php on line 23
[03-Dec-2018 19:39:00 UTC] PHP Notice:  Undefined index: email in /home/ubuntu/workspace/practicaUsuarios/admin/administracionPanel/login/login.php on line 20
[03-Dec-2018 19:39:00 UTC] PHP Notice:  Undefined index: clave in /home/ubuntu/workspace/practicaUsuarios/admin/administracionPanel/login/login.php on line 21
[03-Dec-2018 19:39:00 UTC] PHP Fatal error:  Uncaught Error: Call to a member function login() on null in /home/ubuntu/workspace/practicaUsuarios/admin/administracionPanel/login/login.php:23
Stack trace:
#0 {main}
  thrown in /home/ubuntu/workspace/practicaUsuarios/admin/administracionPanel/login/login.php on line 23
[03-Dec-2018 19:43:38 UTC] PHP Notice:  Undefined index: correo in /home/ubuntu/workspace/practicaUsuarios/admin/administracionPanel/login/login.php on line 20
[03-Dec-2018 19:43:38 UTC] PHP Notice:  Undefined index: clave in /home/ubuntu/workspace/practicaUsuarios/admin/administracionPanel/login/login.php on line 21
[03-Dec-2018 19:43:38 UTC] PHP Notice:  Undefined variable: usuario in /home/ubuntu/workspace/practicaUsuarios/admin/administracionPanel/login/login.php on line 23
[03-Dec-2018 19:43:38 UTC] PHP Fatal error:  Uncaught Error: Call to a member function login() on null in /home/ubuntu/workspace/practicaUsuarios/admin/administracionPanel/login/login.php:23
Stack trace:
#0 {main}
  thrown in /home/ubuntu/workspace/practicaUsuarios/admin/administracionPanel/login/login.php on line 23
[03-Dec-2018 19:44:11 UTC] PHP Notice:  Undefined index: correo in /home/ubuntu/workspace/practicaUsuarios/admin/administracionPanel/login/login.php on line 20
[03-Dec-2018 19:44:11 UTC] PHP Notice:  Undefined index: clave in /home/ubuntu/workspace/practicaUsuarios/admin/administracionPanel/login/login.php on line 21
[03-Dec-2018 19:44:11 UTC] PHP Notice:  Undefined variable: usuario in /home/ubuntu/workspace/practicaUsuarios/admin/administracionPanel/login/login.php on line 23
[03-Dec-2018 19:44:11 UTC] PHP Notice:  Trying to get property of non-object in /home/ubuntu/workspace/practicaUsuarios/admin/administracionPanel/login/login.php on line 23
[03-Dec-2018 19:44:27 UTC] PHP Notice:  Undefined index: correo in /home/ubuntu/workspace/practicaUsuarios/admin/administracionPanel/login/login.php on line 20
[03-Dec-2018 19:44:27 UTC] PHP Notice:  Undefined index: clave in /home/ubuntu/workspace/practicaUsuarios/admin/administracionPanel/login/login.php on line 21
[03-Dec-2018 19:44:27 UTC] PHP Notice:  Undefined variable: usuario in /home/ubuntu/workspace/practicaUsuarios/admin/administracionPanel/login/login.php on line 23
[03-Dec-2018 19:44:27 UTC] PHP Notice:  Trying to get property of non-object in /home/ubuntu/workspace/practicaUsuarios/admin/administracionPanel/login/login.php on line 23
[03-Dec-2018 20:13:01 UTC] PHP Notice:  Undefined variable: usuario in /home/ubuntu/workspace/practicaUsuarios/admin/administracionPanel/login/login.php on line 23
[03-Dec-2018 20:13:01 UTC] PHP Notice:  Trying to get property of non-object in /home/ubuntu/workspace/practicaUsuarios/admin/administracionPanel/login/login.php on line 23
[03-Dec-2018 20:31:22 UTC] PHP Notice:  Undefined variable: usuario in /home/ubuntu/workspace/practicaUsuarios/admin/administracionPanel/login/login.php on line 23
[03-Dec-2018 20:31:22 UTC] PHP Notice:  Trying to get property of non-object in /home/ubuntu/workspace/practicaUsuarios/admin/administracionPanel/login/login.php on line 23
[03-Dec-2018 20:33:16 UTC] PHP Notice:  Undefined variable: usuario in /home/ubuntu/workspace/practicaUsuarios/admin/administracionPanel/login/login.php on line 23
[03-Dec-2018 20:33:16 UTC] PHP Notice:  Trying to get property of non-object in /home/ubuntu/workspace/practicaUsuarios/admin/administracionPanel/login/login.php on line 23
[03-Dec-2018 20:33:22 UTC] PHP Notice:  Undefined variable: usuario in /home/ubuntu/workspace/practicaUsuarios/admin/administracionPanel/login/login.php on line 23
[03-Dec-2018 20:33:22 UTC] PHP Notice:  Trying to get property of non-object in /home/ubuntu/workspace/practicaUsuarios/admin/administracionPanel/login/login.php on line 23
[03-Dec-2018 20:33:30 UTC] PHP Notice:  Undefined variable: usuario in /home/ubuntu/workspace/practicaUsuarios/admin/administracionPanel/login/login.php on line 23
[03-Dec-2018 20:33:30 UTC] PHP Notice:  Trying to get property of non-object in /home/ubuntu/workspace/practicaUsuarios/admin/administracionPanel/login/login.php on line 23
[03-Dec-2018 20:34:31 UTC] PHP Notice:  Undefined variable: usuario in /home/ubuntu/workspace/practicaUsuarios/admin/administracionPanel/login/login.php on line 23
[03-Dec-2018 20:34:31 UTC] PHP Notice:  Trying to get property of non-object in /home/ubuntu/workspace/practicaUsuarios/admin/administracionPanel/login/login.php on line 23
[03-Dec-2018 20:34:59 UTC] PHP Notice:  Undefined index: correo in /home/ubuntu/workspace/practicaUsuarios/admin/administracionPanel/login/login.php on line 20
[03-Dec-2018 20:34:59 UTC] PHP Notice:  Undefined index: clave in /home/ubuntu/workspace/practicaUsuarios/admin/administracionPanel/login/login.php on line 21
[03-Dec-2018 20:34:59 UTC] PHP Notice:  Undefined variable: usuario in /home/ubuntu/workspace/practicaUsuarios/admin/administracionPanel/login/login.php on line 23
[03-Dec-2018 20:34:59 UTC] PHP Notice:  Trying to get property of non-object in /home/ubuntu/workspace/practicaUsuarios/admin/administracionPanel/login/login.php on line 23
[03-Dec-2018 20:37:41 UTC] PHP Fatal error:  Uncaught TypeError: Argument 1 passed to izv\managedata\ManagerUsuario::__construct() must be an instance of izv\database\Database, none given, called in /home/ubuntu/workspace/practicaUsuarios/admin/administracionPanel/login/login.php on line 15 and defined in /home/ubuntu/workspace/practicaUsuarios/admin/administracionPanel/classes/izv/managedata/ManagerUsuario.php:12
Stack trace:
#0 /home/ubuntu/workspace/practicaUsuarios/admin/administracionPanel/login/login.php(15): izv\managedata\ManagerUsuario->__construct()
#1 {main}
  thrown in /home/ubuntu/workspace/practicaUsuarios/admin/administracionPanel/classes/izv/managedata/ManagerUsuario.php on line 12
[03-Dec-2018 20:55:38 UTC] PHP Fatal error:  Uncaught TypeError: Argument 1 passed to izv\managedata\ManagerUsuario::__construct() must be an instance of izv\database\Database, none given, called in /home/ubuntu/workspace/practicaUsuarios/admin/administracionPanel/login/login.php on line 15 and defined in /home/ubuntu/workspace/practicaUsuarios/admin/administracionPanel/classes/izv/managedata/ManagerUsuario.php:12
Stack trace:
#0 /home/ubuntu/workspace/practicaUsuarios/admin/administracionPanel/login/login.php(15): izv\managedata\ManagerUsuario->__construct()
#1 {main}
  thrown in /home/ubuntu/workspace/practicaUsuarios/admin/administracionPanel/classes/izv/managedata/ManagerUsuario.php on line 12
[03-Dec-2018 21:08:54 UTC] PHP Notice:  A session had already been started - ignoring session_start() in /home/ubuntu/workspace/practicaUsuarios/admin/administracionPanel/login/login.php on line 18
[03-Dec-2018 21:08:54 UTC] PHP Notice:  Undefined index: correo in /home/ubuntu/workspace/practicaUsuarios/admin/administracionPanel/login/login.php on line 21
[03-Dec-2018 21:08:54 UTC] PHP Notice:  Undefined index: clave in /home/ubuntu/workspace/practicaUsuarios/admin/administracionPanel/login/login.php on line 22
[03-Dec-2018 21:10:07 UTC] PHP Notice:  A session had already been started - ignoring session_start() in /home/ubuntu/workspace/practicaUsuarios/admin/administracionPanel/login/login.php on line 18
[03-Dec-2018 21:10:07 UTC] PHP Notice:  Undefined index: correo in /home/ubuntu/workspace/practicaUsuarios/admin/administracionPanel/login/login.php on line 21
[03-Dec-2018 21:10:07 UTC] PHP Notice:  Undefined index: clave in /home/ubuntu/workspace/practicaUsuarios/admin/administracionPanel/login/login.php on line 22
[03-Dec-2018 21:10:57 UTC] PHP Notice:  Undefined index: correo in /home/ubuntu/workspace/practicaUsuarios/admin/administracionPanel/login/login.php on line 21
[03-Dec-2018 21:10:57 UTC] PHP Notice:  Undefined index: clave in /home/ubuntu/workspace/practicaUsuarios/admin/administracionPanel/login/login.php on line 22
[03-Dec-2018 21:15:12 UTC] PHP Fatal error:  Uncaught TypeError: Argument 1 passed to izv\managedata\ManagerUsuario::__construct() must be an instance of izv\database\Database, string given, called in /home/ubuntu/workspace/practicaUsuarios/admin/administracionPanel/login/login.php on line 15 and defined in /home/ubuntu/workspace/practicaUsuarios/admin/administracionPanel/classes/izv/managedata/ManagerUsuario.php:12
Stack trace:
#0 /home/ubuntu/workspace/practicaUsuarios/admin/administracionPanel/login/login.php(15): izv\managedata\ManagerUsuario->__construct('nombrebd')
#1 {main}
  thrown in /home/ubuntu/workspace/practicaUsuarios/admin/administracionPanel/classes/izv/managedata/ManagerUsuario.php on line 12
[03-Dec-2018 21:15:44 UTC] PHP Notice:  Undefined variable: nombrebd in /home/ubuntu/workspace/practicaUsuarios/admin/administracionPanel/login/login.php on line 15
[03-Dec-2018 21:15:44 UTC] PHP Fatal error:  Uncaught TypeError: Argument 1 passed to izv\managedata\ManagerUsuario::__construct() must be an instance of izv\database\Database, null given, called in /home/ubuntu/workspace/practicaUsuarios/admin/administracionPanel/login/login.php on line 15 and defined in /home/ubuntu/workspace/practicaUsuarios/admin/administracionPanel/classes/izv/managedata/ManagerUsuario.php:12
Stack trace:
#0 /home/ubuntu/workspace/practicaUsuarios/admin/administracionPanel/login/login.php(15): izv\managedata\ManagerUsuario->__construct(NULL)
#1 {main}
  thrown in /home/ubuntu/workspace/practicaUsuarios/admin/administracionPanel/classes/izv/managedata/ManagerUsuario.php on line 12
[03-Dec-2018 21:15:58 UTC] PHP Fatal error:  Uncaught TypeError: Argument 1 passed to izv\managedata\ManagerUsuario::__construct() must be an instance of izv\database\Database, string given, called in /home/ubuntu/workspace/practicaUsuarios/admin/administracionPanel/login/login.php on line 15 and defined in /home/ubuntu/workspace/practicaUsuarios/admin/administracionPanel/classes/izv/managedata/ManagerUsuario.php:12
Stack trace:
#0 /home/ubuntu/workspace/practicaUsuarios/admin/administracionPanel/login/login.php(15): izv\managedata\ManagerUsuario->__construct('nombrebd')
#1 {main}
  thrown in /home/ubuntu/workspace/practicaUsuarios/admin/administracionPanel/classes/izv/managedata/ManagerUsuario.php on line 12
[03-Dec-2018 21:18:02 UTC] PHP Notice:  Undefined index: correo in /home/ubuntu/workspace/practicaUsuarios/admin/administracionPanel/login/login.php on line 23
[03-Dec-2018 21:18:02 UTC] PHP Notice:  Undefined index: clave in /home/ubuntu/workspace/practicaUsuarios/admin/administracionPanel/login/login.php on line 24
[03-Dec-2018 21:18:10 UTC] PHP Notice:  Undefined index: correo in /home/ubuntu/workspace/practicaUsuarios/admin/administracionPanel/login/login.php on line 23
[03-Dec-2018 21:18:10 UTC] PHP Notice:  Undefined index: clave in /home/ubuntu/workspace/practicaUsuarios/admin/administracionPanel/login/login.php on line 24
[03-Dec-2018 21:18:18 UTC] PHP Notice:  Undefined index: correo in /home/ubuntu/workspace/practicaUsuarios/admin/administracionPanel/login/login.php on line 23
[03-Dec-2018 21:18:18 UTC] PHP Notice:  Undefined index: clave in /home/ubuntu/workspace/practicaUsuarios/admin/administracionPanel/login/login.php on line 24
[03-Dec-2018 21:19:19 UTC] PHP Notice:  Undefined index: correo in /home/ubuntu/workspace/practicaUsuarios/admin/administracionPanel/login/login.php on line 23
[03-Dec-2018 21:19:19 UTC] PHP Notice:  Undefined index: clave in /home/ubuntu/workspace/practicaUsuarios/admin/administracionPanel/login/login.php on line 24
[03-Dec-2018 21:22:16 UTC] PHP Notice:  Undefined index: correo in /home/ubuntu/workspace/practicaUsuarios/admin/administracionPanel/login/login.php on line 23
[03-Dec-2018 21:22:16 UTC] PHP Notice:  Undefined index: clave in /home/ubuntu/workspace/practicaUsuarios/admin/administracionPanel/login/login.php on line 24
[03-Dec-2018 21:22:23 UTC] PHP Notice:  Undefined index: correo in /home/ubuntu/workspace/practicaUsuarios/admin/administracionPanel/login/login.php on line 23
[03-Dec-2018 21:22:23 UTC] PHP Notice:  Undefined index: clave in /home/ubuntu/workspace/practicaUsuarios/admin/administracionPanel/login/login.php on line 24
[03-Dec-2018 21:23:08 UTC] PHP Notice:  Undefined index: correo in /home/ubuntu/workspace/practicaUsuarios/admin/administracionPanel/login/login.php on line 23
[03-Dec-2018 21:23:08 UTC] PHP Notice:  Undefined index: clave in /home/ubuntu/workspace/practicaUsuarios/admin/administracionPanel/login/login.php on line 24
[03-Dec-2018 21:23:13 UTC] PHP Notice:  Undefined index: correo in /home/ubuntu/workspace/practicaUsuarios/admin/administracionPanel/login/login.php on line 23
[03-Dec-2018 21:23:13 UTC] PHP Notice:  Undefined index: clave in /home/ubuntu/workspace/practicaUsuarios/admin/administracionPanel/login/login.php on line 24
[03-Dec-2018 21:30:28 UTC] PHP Notice:  Undefined index: correo in /home/ubuntu/workspace/practicaUsuarios/admin/administracionPanel/login/login.php on line 23
[03-Dec-2018 21:30:28 UTC] PHP Notice:  Undefined index: clave in /home/ubuntu/workspace/practicaUsuarios/admin/administracionPanel/login/login.php on line 24
[03-Dec-2018 21:34:30 UTC] PHP Notice:  Undefined index: correo in /home/ubuntu/workspace/practicaUsuarios/admin/administracionPanel/login/login.php on line 23
[03-Dec-2018 21:34:30 UTC] PHP Notice:  Undefined index: clave in /home/ubuntu/workspace/practicaUsuarios/admin/administracionPanel/login/login.php on line 24
[03-Dec-2018 21:34:41 UTC] PHP Notice:  Undefined index: correo in /home/ubuntu/workspace/practicaUsuarios/admin/administracionPanel/login/login.php on line 23
[03-Dec-2018 21:34:41 UTC] PHP Notice:  Undefined index: clave in /home/ubuntu/workspace/practicaUsuarios/admin/administracionPanel/login/login.php on line 24
[03-Dec-2018 21:36:14 UTC] PHP Notice:  Undefined index: correo in /home/ubuntu/workspace/practicaUsuarios/admin/administracionPanel/login/login.php on line 23
[03-Dec-2018 21:36:14 UTC] PHP Notice:  Undefined index: clave in /home/ubuntu/workspace/practicaUsuarios/admin/administracionPanel/login/login.php on line 24
[03-Dec-2018 21:47:18 UTC] PHP Notice:  Undefined index: correo in /home/ubuntu/workspace/practicaUsuarios/admin/administracionPanel/login/login.php on line 23
[03-Dec-2018 21:47:18 UTC] PHP Notice:  Undefined index: clave in /home/ubuntu/workspace/practicaUsuarios/admin/administracionPanel/login/login.php on line 24
[03-Dec-2018 21:47:24 UTC] PHP Notice:  Undefined index: correo in /home/ubuntu/workspace/practicaUsuarios/admin/administracionPanel/login/login.php on line 23
[03-Dec-2018 21:47:24 UTC] PHP Notice:  Undefined index: clave in /home/ubuntu/workspace/practicaUsuarios/admin/administracionPanel/login/login.php on line 24
[03-Dec-2018 21:47:32 UTC] PHP Notice:  Undefined index: correo in /home/ubuntu/workspace/practicaUsuarios/admin/administracionPanel/login/login.php on line 23
[03-Dec-2018 21:47:32 UTC] PHP Notice:  Undefined index: clave in /home/ubuntu/workspace/practicaUsuarios/admin/administracionPanel/login/login.php on line 24
[03-Dec-2018 21:49:03 UTC] PHP Notice:  Undefined index: correo in /home/ubuntu/workspace/practicaUsuarios/admin/administracionPanel/login/login.php on line 23
[03-Dec-2018 21:49:03 UTC] PHP Notice:  Undefined index: clave in /home/ubuntu/workspace/practicaUsuarios/admin/administracionPanel/login/login.php on line 24
[03-Dec-2018 21:51:10 UTC] PHP Notice:  Undefined index: correo in /home/ubuntu/workspace/practicaUsuarios/admin/administracionPanel/login/login.php on line 23
[03-Dec-2018 21:51:10 UTC] PHP Notice:  Undefined index: clave in /home/ubuntu/workspace/practicaUsuarios/admin/administracionPanel/login/login.php on line 24
[03-Dec-2018 21:51:41 UTC] PHP Notice:  Undefined index: correo in /home/ubuntu/workspace/practicaUsuarios/admin/administracionPanel/login/login.php on line 23
[03-Dec-2018 21:51:41 UTC] PHP Notice:  Undefined index: clave in /home/ubuntu/workspace/practicaUsuarios/admin/administracionPanel/login/login.php on line 24
[03-Dec-2018 21:52:49 UTC] PHP Notice:  Undefined index: correo in /home/ubuntu/workspace/practicaUsuarios/admin/administracionPanel/login/login.php on line 23
[03-Dec-2018 21:52:49 UTC] PHP Notice:  Undefined index: clave in /home/ubuntu/workspace/practicaUsuarios/admin/administracionPanel/login/login.php on line 24
[03-Dec-2018 21:53:58 UTC] PHP Notice:  Undefined index: correo in /home/ubuntu/workspace/practicaUsuarios/admin/administracionPanel/login/login.php on line 23
[03-Dec-2018 21:53:58 UTC] PHP Notice:  Undefined index: clave in /home/ubuntu/workspace/practicaUsuarios/admin/administracionPanel/login/login.php on line 24
[03-Dec-2018 21:54:36 UTC] PHP Notice:  Undefined index: correo in /home/ubuntu/workspace/practicaUsuarios/admin/administracionPanel/login/login.php on line 23
[03-Dec-2018 21:54:36 UTC] PHP Notice:  Undefined index: clave in /home/ubuntu/workspace/practicaUsuarios/admin/administracionPanel/login/login.php on line 24
[03-Dec-2018 21:55:20 UTC] PHP Notice:  Undefined index: correo in /home/ubuntu/workspace/practicaUsuarios/admin/administracionPanel/login/login.php on line 23
[03-Dec-2018 21:55:20 UTC] PHP Notice:  Undefined index: clave in /home/ubuntu/workspace/practicaUsuarios/admin/administracionPanel/login/login.php on line 24
[03-Dec-2018 21:56:12 UTC] PHP Notice:  Undefined index: correo in /home/ubuntu/workspace/practicaUsuarios/admin/administracionPanel/login/login.php on line 23
[03-Dec-2018 21:56:12 UTC] PHP Notice:  Undefined index: clave in /home/ubuntu/workspace/practicaUsuarios/admin/administracionPanel/login/login.php on line 24
[03-Dec-2018 21:56:59 UTC] PHP Notice:  Undefined index: correo in /home/ubuntu/workspace/practicaUsuarios/admin/administracionPanel/login/login.php on line 23
[03-Dec-2018 21:56:59 UTC] PHP Notice:  Undefined index: clave in /home/ubuntu/workspace/practicaUsuarios/admin/administracionPanel/login/login.php on line 24
[03-Dec-2018 21:57:51 UTC] PHP Notice:  Undefined index: correo in /home/ubuntu/workspace/practicaUsuarios/admin/administracionPanel/login/login.php on line 23
[03-Dec-2018 21:57:51 UTC] PHP Notice:  Undefined index: clave in /home/ubuntu/workspace/practicaUsuarios/admin/administracionPanel/login/login.php on line 24
[03-Dec-2018 21:58:26 UTC] PHP Notice:  Undefined property: izv\sessions\Session::$db in /home/ubuntu/workspace/practicaUsuarios/admin/administracionPanel/classes/izv/sessions/Session.php on line 45
[03-Dec-2018 21:58:26 UTC] PHP Fatal error:  Uncaught Error: Call to a member function connect() on null in /home/ubuntu/workspace/practicaUsuarios/admin/administracionPanel/classes/izv/sessions/Session.php:45
Stack trace:
#0 /home/ubuntu/workspace/practicaUsuarios/admin/administracionPanel/login/login.php(28): izv\sessions\Session->login('admin@admin.com', '123456789')
#1 {main}
  thrown in /home/ubuntu/workspace/practicaUsuarios/admin/administracionPanel/classes/izv/sessions/Session.php on line 45
[03-Dec-2018 21:59:52 UTC] PHP Notice:  Undefined property: izv\sessions\Session::$db in /home/ubuntu/workspace/practicaUsuarios/admin/administracionPanel/classes/izv/sessions/Session.php on line 45
[03-Dec-2018 21:59:52 UTC] PHP Fatal error:  Uncaught Error: Call to a member function connect() on null in /home/ubuntu/workspace/practicaUsuarios/admin/administracionPanel/classes/izv/sessions/Session.php:45
Stack trace:
#0 /home/ubuntu/workspace/practicaUsuarios/admin/administracionPanel/login/login.php(28): izv\sessions\Session->login('admin@admin.com', '123456789')
#1 {main}
  thrown in /home/ubuntu/workspace/practicaUsuarios/admin/administracionPanel/classes/izv/sessions/Session.php on line 45
[03-Dec-2018 22:00:04 UTC] PHP Notice:  Undefined variable: db in /home/ubuntu/workspace/practicaUsuarios/admin/administracionPanel/classes/izv/sessions/Session.php on line 45
[03-Dec-2018 22:00:04 UTC] PHP Fatal error:  Uncaught Error: Cannot access empty property in /home/ubuntu/workspace/practicaUsuarios/admin/administracionPanel/classes/izv/sessions/Session.php:45
Stack trace:
#0 /home/ubuntu/workspace/practicaUsuarios/admin/administracionPanel/login/login.php(28): izv\sessions\Session->login('info@computerse...', '1')
#1 {main}
  thrown in /home/ubuntu/workspace/practicaUsuarios/admin/administracionPanel/classes/izv/sessions/Session.php on line 45
[03-Dec-2018 22:01:05 UTC] PHP Notice:  Undefined variable: db in /home/ubuntu/workspace/practicaUsuarios/admin/administracionPanel/classes/izv/sessions/Session.php on line 45
[03-Dec-2018 22:01:05 UTC] PHP Fatal error:  Uncaught Error: Cannot access empty property in /home/ubuntu/workspace/practicaUsuarios/admin/administracionPanel/classes/izv/sessions/Session.php:45
Stack trace:
#0 /home/ubuntu/workspace/practicaUsuarios/admin/administracionPanel/login/login.php(28): izv\sessions\Session->login('info@computerse...', '1')
#1 {main}
  thrown in /home/ubuntu/workspace/practicaUsuarios/admin/administracionPanel/classes/izv/sessions/Session.php on line 45
[03-Dec-2018 22:01:13 UTC] PHP Notice:  Undefined variable: db in /home/ubuntu/workspace/practicaUsuarios/admin/administracionPanel/classes/izv/sessions/Session.php on line 45
[03-Dec-2018 22:01:13 UTC] PHP Fatal error:  Uncaught Error: Cannot access empty property in /home/ubuntu/workspace/practicaUsuarios/admin/administracionPanel/classes/izv/sessions/Session.php:45
Stack trace:
#0 /home/ubuntu/workspace/practicaUsuarios/admin/administracionPanel/login/login.php(28): izv\sessions\Session->login('info@computerse...', '123456')
#1 {main}
  thrown in /home/ubuntu/workspace/practicaUsuarios/admin/administracionPanel/classes/izv/sessions/Session.php on line 45
[03-Dec-2018 22:03:45 UTC] PHP Notice:  Undefined property: izv\sessions\Session::$db in /home/ubuntu/workspace/practicaUsuarios/admin/administracionPanel/classes/izv/sessions/Session.php on line 45
[03-Dec-2018 22:03:45 UTC] PHP Fatal error:  Uncaught Error: Call to a member function connect() on null in /home/ubuntu/workspace/practicaUsuarios/admin/administracionPanel/classes/izv/sessions/Session.php:45
Stack trace:
#0 /home/ubuntu/workspace/practicaUsuarios/admin/administracionPanel/login/login.php(28): izv\sessions\Session->login('info@computerse...', '123456')
#1 {main}
  thrown in /home/ubuntu/workspace/practicaUsuarios/admin/administracionPanel/classes/izv/sessions/Session.php on line 45
[03-Dec-2018 22:04:59 UTC] PHP Notice:  Undefined property: izv\sessions\Session::$db in /home/ubuntu/workspace/practicaUsuarios/admin/administracionPanel/classes/izv/sessions/Session.php on line 45
[03-Dec-2018 22:04:59 UTC] PHP Fatal error:  Uncaught Error: Call to a member function connect() on null in /home/ubuntu/workspace/practicaUsuarios/admin/administracionPanel/classes/izv/sessions/Session.php:45
Stack trace:
#0 /home/ubuntu/workspace/practicaUsuarios/admin/administracionPanel/login/login.php(28): izv\sessions\Session->login('info@computerse...', '123456')
#1 {main}
  thrown in /home/ubuntu/workspace/practicaUsuarios/admin/administracionPanel/classes/izv/sessions/Session.php on line 45
[03-Dec-2018 22:13:04 UTC] PHP Notice:  Undefined property: izv\sessions\Session::$db in /home/ubuntu/workspace/practicaUsuarios/admin/administracionPanel/classes/izv/sessions/Session.php on line 45
[03-Dec-2018 22:13:04 UTC] PHP Fatal error:  Uncaught Error: Call to a member function connect() on null in /home/ubuntu/workspace/practicaUsuarios/admin/administracionPanel/classes/izv/sessions/Session.php:45
Stack trace:
#0 /home/ubuntu/workspace/practicaUsuarios/admin/administracionPanel/login/login.php(28): izv\sessions\Session->login('info@computerse...', '123456')
#1 {main}
  thrown in /home/ubuntu/workspace/practicaUsuarios/admin/administracionPanel/classes/izv/sessions/Session.php on line 45
[03-Dec-2018 22:15:22 UTC] PHP Warning:  PDOStatement::execute(): SQLSTATE[HY093]: Invalid parameter number: number of bound variables does not match number of tokens in /home/ubuntu/workspace/practicaUsuarios/admin/administracionPanel/classes/izv/database/Database.php on line 73
[03-Dec-2018 22:16:38 UTC] PHP Notice:  Undefined index: correo in /home/ubuntu/workspace/practicaUsuarios/admin/administracionPanel/login/login.php on line 23
[03-Dec-2018 22:16:38 UTC] PHP Notice:  Undefined index: clave in /home/ubuntu/workspace/practicaUsuarios/admin/administracionPanel/login/login.php on line 24
[03-Dec-2018 22:16:47 UTC] PHP Notice:  Undefined index: correo in /home/ubuntu/workspace/practicaUsuarios/admin/administracionPanel/login/login.php on line 23
[03-Dec-2018 22:16:47 UTC] PHP Notice:  Undefined index: clave in /home/ubuntu/workspace/practicaUsuarios/admin/administracionPanel/login/login.php on line 24
[03-Dec-2018 22:17:45 UTC] PHP Warning:  PDOStatement::execute(): SQLSTATE[HY093]: Invalid parameter number: number of bound variables does not match number of tokens in /home/ubuntu/workspace/practicaUsuarios/admin/administracionPanel/classes/izv/database/Database.php on line 73
[03-Dec-2018 22:17:56 UTC] PHP Warning:  PDOStatement::execute(): SQLSTATE[HY093]: Invalid parameter number: number of bound variables does not match number of tokens in /home/ubuntu/workspace/practicaUsuarios/admin/administracionPanel/classes/izv/database/Database.php on line 73
[03-Dec-2018 23:16:57 UTC] PHP Warning:  PDOStatement::execute(): SQLSTATE[HY093]: Invalid parameter number: number of bound variables does not match number of tokens in /home/ubuntu/workspace/practicaUsuarios/admin/administracionPanel/classes/izv/database/Database.php on line 73
