[03-Dec-2018 22:47:49 UTC] PHP Notice:  Undefined variable: usuario_nombre in /home/ubuntu/workspace/practicaUsuarios/activacion/sendEmail.php on line 6
[03-Dec-2018 22:47:49 UTC] PHP Notice:  Undefined variable: usuario_email in /home/ubuntu/workspace/practicaUsuarios/activacion/sendEmail.php on line 10
[03-Dec-2018 22:48:14 UTC] PHP Notice:  Undefined variable: usuario_email in /home/ubuntu/workspace/practicaUsuarios/activacion/sendEmail.php on line 10
[03-Dec-2018 22:53:59 UTC] PHP Warning:  require(class.phpmailer.php): failed to open stream: No such file or directory in /home/ubuntu/workspace/practicaUsuarios/activacion/sendEmail.php on line 3
[03-Dec-2018 22:53:59 UTC] PHP Fatal error:  require(): Failed opening required 'class.phpmailer.php' (include_path='.:/usr/share/php') in /home/ubuntu/workspace/practicaUsuarios/activacion/sendEmail.php on line 3
[03-Dec-2018 22:54:16 UTC] PHP Warning:  require(/practicaUsuarios/activacion/PHPMailer-master/src/PHPMailer.php): failed to open stream: No such file or directory in /home/ubuntu/workspace/practicaUsuarios/activacion/sendEmail.php on line 3
[03-Dec-2018 22:54:16 UTC] PHP Fatal error:  require(): Failed opening required '/practicaUsuarios/activacion/PHPMailer-master/src/PHPMailer.php' (include_path='.:/usr/share/php') in /home/ubuntu/workspace/practicaUsuarios/activacion/sendEmail.php on line 3
[03-Dec-2018 22:55:25 UTC] PHP Fatal error:  Uncaught Error: Class 'PHPMailer' not found in /home/ubuntu/workspace/practicaUsuarios/activacion/sendEmail.php:5
Stack trace:
#0 {main}
  thrown in /home/ubuntu/workspace/practicaUsuarios/activacion/sendEmail.php on line 5
[03-Dec-2018 22:55:37 UTC] PHP Warning:  require(/PHPMailer.php): failed to open stream: No such file or directory in /home/ubuntu/workspace/practicaUsuarios/activacion/sendEmail.php on line 3
[03-Dec-2018 22:55:37 UTC] PHP Fatal error:  require(): Failed opening required '/PHPMailer.php' (include_path='.:/usr/share/php') in /home/ubuntu/workspace/practicaUsuarios/activacion/sendEmail.php on line 3
[03-Dec-2018 22:56:39 UTC] PHP Fatal error:  Uncaught Error: Class 'PHPMailer' not found in /home/ubuntu/workspace/practicaUsuarios/activacion/sendEmail.php:5
Stack trace:
#0 {main}
  thrown in /home/ubuntu/workspace/practicaUsuarios/activacion/sendEmail.php on line 5
[03-Dec-2018 22:57:23 UTC] PHP Warning:  require(/PHPMailer-master/src/PHPMailer.php): failed to open stream: No such file or directory in /home/ubuntu/workspace/practicaUsuarios/activacion/sendEmail.php on line 3
[03-Dec-2018 22:57:23 UTC] PHP Fatal error:  require(): Failed opening required '/PHPMailer-master/src/PHPMailer.php' (include_path='.:/usr/share/php') in /home/ubuntu/workspace/practicaUsuarios/activacion/sendEmail.php on line 3
[03-Dec-2018 22:57:39 UTC] PHP Fatal error:  Uncaught Error: Class 'PHPMailer' not found in /home/ubuntu/workspace/practicaUsuarios/activacion/sendEmail.php:5
Stack trace:
#0 {main}
  thrown in /home/ubuntu/workspace/practicaUsuarios/activacion/sendEmail.php on line 5
[03-Dec-2018 22:58:47 UTC] PHP Fatal error:  Uncaught Error: Class 'PHPMailer' not found in /home/ubuntu/workspace/practicaUsuarios/activacion/sendEmail.php:5
Stack trace:
#0 {main}
  thrown in /home/ubuntu/workspace/practicaUsuarios/activacion/sendEmail.php on line 5
[03-Dec-2018 22:59:20 UTC] PHP Fatal error:  Uncaught Error: Class 'PHPMailer' not found in /home/ubuntu/workspace/practicaUsuarios/activacion/sendEmail.php:5
Stack trace:
#0 {main}
  thrown in /home/ubuntu/workspace/practicaUsuarios/activacion/sendEmail.php on line 5
[03-Dec-2018 23:00:08 UTC] PHP Fatal error:  Uncaught Error: Class 'PHPMailer' not found in /home/ubuntu/workspace/practicaUsuarios/activacion/sendEmail.php:5
Stack trace:
#0 {main}
  thrown in /home/ubuntu/workspace/practicaUsuarios/activacion/sendEmail.php on line 5
[03-Dec-2018 23:17:18 UTC] PHP Notice:  Undefined variable: header in /home/ubuntu/workspace/practicaUsuarios/activacion/sendEmail.php on line 9
